This is pdfTeX, Version 3.141592653-2.6-1.40.25 (MiKTeX 23.5) (preloaded format=pdflatex 2024.12.22)  22 FEB 2025 16:03
entering extended mode
 restricted \write18 enabled.
 %&-line parsing enabled.
**"D:/RPG/Stargate SG-1/Stargate-Hexenstag/mission-forms.tex"
(D:/RPG/Stargate SG-1/Stargate-Hexenstag/mission-forms.tex
LaTeX2e <2023-06-01> patch level 1
L3 programming layer <2023-06-30>
(C:\Users\Otto\AppData\Local\Programs\MiKTeX\tex/latex/memoir\memoir.cls
Document Class: memoir 2022/11/17 v3.7.19 configurable book, report, article do
cument class
(C:\Users\Otto\AppData\Local\Programs\MiKTeX\tex/latex/etoolbox\etoolbox.sty
Package: etoolbox 2020/10/05 v2.5k e-TeX tools for LaTeX (JAW)
\etb@tempcnta=\count185
)
\onelineskip=\skip48
\lxvchars=\skip49
\xlvchars=\skip50
\@memcnta=\count186
\c@@memmarkcntra=\count187

(C:\Users\Otto\AppData\Local\Programs\MiKTeX\tex/generic/iftex\iftex.sty
Package: iftex 2022/02/03 v1.0f TeX engine tests
)
\stockheight=\dimen140
\stockwidth=\dimen141
\trimtop=\skip51
\trimedge=\skip52

(C:\Users\Otto\AppData\Local\Programs\MiKTeX\tex/latex/memoir\mem12.clo
File: mem12.clo 2022/07/29 v0.5 memoir class 12pt size option
)
\binding=\skip53
\spinemargin=\skip54
\foremargin=\skip55
\uppermargin=\skip56
\lowermargin=\skip57
\headdrop=\skip58
\normalrulethickness=\skip59
\mem@maxheadheight=\skip60
\mem@maxfootheight=\skip61
\headwidth=\skip62
\c@storedpagenumber=\count188
\memPD=\dimen142
\m@mabparskip=\skip63
\thanksmarkwidth=\skip64
\thanksmarksep=\skip65
\droptitle=\skip66
\c@book=\count189
\c@part=\count190
\c@chapter=\count191
\c@section=\count192
\c@subsection=\count193
\c@subsubsection=\count194
\c@paragraph=\count195
\c@subparagraph=\count196
\beforechapskip=\skip67
\midchapskip=\skip68
\afterchapskip=\skip69
\chapindent=\skip70
\bottomsectionskip=\skip71
\secindent=\skip72
\beforesecskip=\skip73
\aftersecskip=\skip74
\subsecindent=\skip75
\beforesubsecskip=\skip76
\aftersubsecskip=\skip77
\subsubsecindent=\skip78
\beforesubsubsecskip=\skip79
\aftersubsubsecskip=\skip80
\paraindent=\skip81
\beforeparaskip=\skip82
\afterparaskip=\skip83
\subparaindent=\skip84
\beforesubparaskip=\skip85
\aftersubparaskip=\skip86
\pfbreakskip=\skip87
\c@@ppsavesec=\count197
\c@@ppsaveapp=\count198
\ragrparindent=\dimen143
\everylistparindent=\dimen144
\parsepi=\skip88
\topsepi=\skip89
\itemsepi=\skip90
\parsepii=\skip91
\topsepii=\skip92
\topsepiii=\skip93
\itemsepii=\skip94
\itemsepiii=\skip95
\partopsepii=\skip96
\partopsepiii=\skip97
\m@msavetopsep=\skip98
\m@msavepartopsep=\skip99
\@enLab=\toks17
\abstitleskip=\skip100
\absleftindent=\skip101
\abs@leftindent=\dimen145
\absrightindent=\skip102
\absparindent=\skip103
\absparsep=\skip104
\c@vslineno=\count199
\c@poemline=\count266
\c@modulo@vs=\count267
\c@memfvsline=\count268
\vleftskip=\skip105
\vrightskip=\skip106
\stanzaskip=\skip107
\versewidth=\skip108
\vgap=\skip109
\vindent=\skip110
\vleftmargin=\dimen146
\c@verse=\count269
\c@chrsinstr=\count270
\beforepoemtitleskip=\skip111
\afterpoemtitleskip=\skip112
\c@poem=\count271
\beforePoemTitleskip=\skip113
\midPoemTitleskip=\skip114
\afterPoemTitleskip=\skip115

(C:\Users\Otto\AppData\Local\Programs\MiKTeX\tex/latex/tools\array.sty
Package: array 2022/09/04 v2.5g Tabular extension package (FMi)
\col@sep=\dimen147
\ar@mcellbox=\box51
\extrarowheight=\dimen148
\NC@list=\toks18
\extratabsurround=\skip116
\backup@length=\skip117
\ar@cellbox=\box52
)
(C:\Users\Otto\AppData\Local\Programs\MiKTeX\tex/latex/tools\dcolumn.sty
Package: dcolumn 2014/10/28 v1.06 decimal alignment package (DPC)
)
(C:\Users\Otto\AppData\Local\Programs\MiKTeX\tex/latex/tools\delarray.sty
Package: delarray 2014/10/28 v1.01 array delimiter package (DPC)
)
(C:\Users\Otto\AppData\Local\Programs\MiKTeX\tex/latex/tools\tabularx.sty
Package: tabularx 2020/01/15 v2.11c `tabularx' package (DPC)
\TX@col@width=\dimen149
\TX@old@table=\dimen150
\TX@old@col=\dimen151
\TX@target=\dimen152
\TX@delta=\dimen153
\TX@cols=\count272
\TX@ftn=\toks19
)
\heavyrulewidth=\dimen154
\lightrulewidth=\dimen155
\cmidrulewidth=\dimen156
\belowrulesep=\dimen157
\belowbottomsep=\dimen158
\aboverulesep=\dimen159
\abovetopsep=\dimen160
\cmidrulesep=\dimen161
\cmidrulekern=\dimen162
\defaultaddspace=\dimen163
\@cmidla=\count273
\@cmidlb=\count274
\@aboverulesep=\dimen164
\@belowrulesep=\dimen165
\@thisruleclass=\count275
\@lastruleclass=\count276
\@thisrulewidth=\dimen166
\ctableftskip=\skip118
\ctabrightskip=\skip119
\abovecolumnspenalty=\count277
\@linestogo=\count278
\@cellstogo=\count279
\@cellsincolumn=\count280
\crtok=\toks20
\@mincolumnwidth=\dimen167
\c@newflo@tctr=\count281
\mem@margin@floatbox=\box53
\@contcwidth=\skip120
\@contindw=\skip121
\abovecaptionskip=\skip122
\belowcaptionskip=\skip123
\subfloattopskip=\skip124
\subfloatcapskip=\skip125
\subfloatcaptopadj=\skip126
\subfloatbottomskip=\skip127
\subfloatlabelskip=\skip128
\subfloatcapmargin=\dimen168
\c@@contsubnum=\count282
\m@mscap@capbox=\box54
\m@mscap@fbox=\box55
\sidecapsep=\dimen169
\sidecapwidth=\dimen170
\m@m@tempdima=\dimen171
\m@mscapraise=\dimen172
\sidecapraise=\dimen173
\m@mscapmainwidth=\dimen174
\m@mscaplkern=\dimen175
\beforeepigraphskip=\skip129
\afterepigraphskip=\skip130
\epigraphwidth=\skip131
\epigraphrule=\skip132
LaTeX Info: Redefining \em on input line 7655.
LaTeX Info: Redefining \emph on input line 7663.
\tocentryskip=\skip133
\tocbaseline=\skip134
\cftparskip=\skip135
\cftbeforebookskip=\skip136
\cftbookindent=\dimen176
\cftbooknumwidth=\dimen177
\cftbeforepartskip=\skip137
\cftpartindent=\skip138
\cftpartnumwidth=\skip139
\cftbeforechapterskip=\skip140
\cftchapterindent=\skip141
\cftchapternumwidth=\skip142
\cftbeforesectionskip=\skip143
\cftsectionindent=\skip144
\cftsectionnumwidth=\skip145
\cftbeforesubsectionskip=\skip146
\cftsubsectionindent=\skip147
\cftsubsectionnumwidth=\skip148
\cftbeforesubsubsectionskip=\skip149
\cftsubsubsectionindent=\skip150
\cftsubsubsectionnumwidth=\skip151
\cftbeforeparagraphskip=\skip152
\cftparagraphindent=\skip153
\cftparagraphnumwidth=\skip154
\cftbeforesubparagraphskip=\skip155
\cftsubparagraphindent=\skip156
\cftsubparagraphnumwidth=\skip157
\prechapterprecisshift=\dimen178
\c@maxsecnumdepth=\count283
\bibindent=\dimen179
\bibitemsep=\skip158
\indexcolsep=\skip159
\indexrule=\skip160
\indexmarkstyle=\toks21
\@indexbox=\insert252
\glossarycolsep=\dimen180
\glossaryrule=\dimen181
\sideparvshift=\skip161
\sideins=\insert251
\sidebartopsep=\skip162
\sidebarhsep=\skip163
\sidebarvsep=\skip164
\sidebarwidth=\skip165
\footmarkwidth=\skip166
\footmarksep=\skip167
\footparindent=\skip168
\footinsdim=\skip169
\footinsv@r=\insert250
\@mpfootinsv@r=\insert249
\m@m@k=\count284
\m@m@h=\dimen182
\m@mipn@skip=\skip170
\sidefootins=\insert248
\sidefootadjust=\skip171
\sidefootheight=\skip172
\sidefoothsep=\skip173
\sidefootvsep=\skip174
\sidefootwidth=\skip175
\m@mdownsf=\skip176
\c@sidefootnote=\count285
\sidefootmarkwidth=\skip177
\sidefootmarksep=\skip178
\sidefootparindent=\skip179
\c@pagenote=\count286
\c@pagenoteshadow=\count287
\mem@pn@lastkern=\skip180
\every@verbatim=\toks22
\afterevery@verbatim=\toks23
\verbatim@line=\toks24
\tab@position=\count288
\verbatim@in@stream=\read2
\verbatimindent=\skip181
\verbatim@out=\write3
\bvboxsep=\skip182
\c@memfbvline=\count289
\c@bvlinectr=\count290
\bvnumlength=\skip183
\fb@frw=\dimen183
\fb@frh=\dimen184
\FrameRule=\dimen185
\FrameSep=\dimen186
\c@cp@cntr=\count291
\c@ism@mctr=\count292
\c@xsm@mctr=\count293
\c@csm@mctr=\count294
\c@ksm@mctr=\count295
\c@xksm@mctr=\count296
\c@cksm@mctr=\count297
\c@msm@mctr=\count298
\c@xmsm@mctr=\count299
\c@cmsm@mctr=\count300
\c@bsm@mctr=\count301
\c@workm@mctr=\count302
\c@sheetsequence=\count303
\c@lastsheet=\count304
\c@lastpage=\count305

(C:\Users\Otto\AppData\Local\Programs\MiKTeX\tex/latex/textcase\textcase.sty
Package: textcase 2022/07/10 v1.03 Text only upper/lower case changing (DPC)
Package textcase Info: Defining Legacy names on input line 20.
)
\c@figure=\count306
\c@lofdepth=\count307
\cftbeforefigureskip=\skip184
\cftfigureindent=\skip185
\cftfigurenumwidth=\skip186
\c@table=\count308
\c@lotdepth=\count309
\cftbeforetableskip=\skip187
\cfttableindent=\skip188
\cfttablenumwidth=\skip189
Package abstract [2008/07/23] emulated by memoir.
Package appendix [2008/07/23] emulated by memoir.
Package booktabs [2016/05/16] emulated by memoir.
Package ccaption [2008/07/23] emulated by memoir.
Package changepage [2008/07/23] emulated by memoir.
Package chngcntr [2008/07/23] emulated by memoir.
Package chngpage [2008/07/23] emulated by memoir.
Package crop emulated by memoir.
Package enumerate [2008/07/23] emulated by memoir.
Package epigraph [2008/07/23] emulated by memoir.
Package ifmtarg [2008/07/23] emulated by memoir.
Package index [2008/07/23] emulated by memoir.
Package makeidx [2008/07/23] emulated by memoir.
Package moreverb [2008/07/23] emulated by memoir.
Package needspace [2008/07/23] emulated by memoir.
Package newfile [2008/07/23] emulated by memoir.
Package nextpage [2008/07/23] emulated by memoir.
Package pagenote [2008/07/23] emulated by memoir.
Package parskip [2008/07/23] emulated by memoir.
Package patchcmd [2008/07/23] emulated by memoir.
Package setspace [2008/07/23] emulated by memoir.
Package shortvrb [2008/07/23] emulated by memoir.
Package showidx [2008/07/23] emulated by memoir.
Package titleref [2008/07/23] emulated by memoir.
Package titling [2008/07/23] emulated by memoir.
Package tocbibind [2008/07/23] emulated by memoir.
Package tocloft [2008/07/23] emulated by memoir.
Package tocvsec2 [2008/07/23] emulated by memoir.
Package verbatim [2008/07/23] emulated by memoir.
Package verse [2008/07/23] emulated by memoir.
)

******************************************************
Stock height and width: 796.67715pt by 569.05511pt
Top and edge trims: 0pt and 0pt
Page height and width: 796.67715pt by 569.05511pt
Text height and width: 722.5pt by 495pt
Spine and edge margins: 36.98866pt and 36.98866pt
Upper and lower margins: 36.98866pt and 37.18849pt
Headheight and headsep: 14.5pt and 19.8738pt
Footskip: 30pt
Columnsep and columnseprule: 10pt and 0pt
Marginparsep and marginparwidth: 7pt and 22.98866pt
Sidecapsep and sidecapwidth: 7pt and 102pt
Sidebarhsep and sidebarwidth: 7pt and 102pt
Sidebarvsep and sidebartopsep: 14.5pt and 0pt
Sidebarheight: 546.64995pt
Sidefoothsep and sidefootwidth: 7pt and 102pt
Sidefootvsep and sidefootheight: 14.5pt and 546.64995pt
******************************************************

(C:\Users\Otto\AppData\Local\Programs\MiKTeX\tex/latex/base\fontenc.sty
Package: fontenc 2021/04/29 v2.0v Standard LaTeX package
)
(C:\Users\Otto\AppData\Local\Programs\MiKTeX\tex/latex/mathdesign\mathdesign.st
y
Package: mathdesign 2013/08/29 v2.31 Math Design Project
 (C:\Users\Otto\AppData\Local\Programs\MiKTeX\tex/latex/graphics\keyval.sty
Package: keyval 2022/05/29 v1.15 key=value parser (DPC)
\KV@toks@=\toks25
)
(C:\Users\Otto\AppData\Local\Programs\MiKTeX\tex/latex/base\ifthen.sty
Package: ifthen 2022/04/13 v1.1d Standard LaTeX ifthen package (DPC)
)
(C:\Users\Otto\AppData\Local\Programs\MiKTeX\tex/latex/mathdesign/mdbch\mdbch.c
fg)
(C:\Users\Otto\AppData\Local\Programs\MiKTeX\tex/latex/mathdesign/mdbch\mdbch.s
ty
Package: mdbch 2013/08/29 v2.31 bitstream bitstream charter + mdbch (Math Desig
n Project)
 (C:\Users\Otto\AppData\Local\Programs\MiKTeX\tex/latex/mathdesign\mdfont.def
File: mdfont.def 2013/08/29 v2.31 (Math Design Project)
)
(C:\Users\Otto\AppData\Local\Programs\MiKTeX\tex/latex/mathdesign\mdsffont.def
File: mdsffont.def 2013/08/29 v2.31 (Math Design Project)


LaTeX Info: Font shape OT1/phv/mc/n has incorrect series value `mc'.
            It should not contain an `m'! Please correct it.
            Found on input line 53.


LaTeX Info: Font shape OT1/phv/mc/sc has incorrect series value `mc'.
            It should not contain an `m'! Please correct it.
            Found on input line 56.


LaTeX Info: Font shape OT1/phv/mc/sl has incorrect series value `mc'.
            It should not contain an `m'! Please correct it.
            Found on input line 59.


LaTeX Info: Font shape OT1/phv/mc/it has incorrect series value `mc'.
            It should not contain an `m'! Please correct it.
            Found on input line 79.


LaTeX Info: Font shape T1/phv/mc/n has incorrect series value `mc'.
            It should not contain an `m'! Please correct it.
            Found on input line 102.


LaTeX Info: Font shape T1/phv/mc/sc has incorrect series value `mc'.
            It should not contain an `m'! Please correct it.
            Found on input line 105.


LaTeX Info: Font shape T1/phv/mc/sl has incorrect series value `mc'.
            It should not contain an `m'! Please correct it.
            Found on input line 108.


LaTeX Info: Font shape T1/phv/mc/it has incorrect series value `mc'.
            It should not contain an `m'! Please correct it.
            Found on input line 128.


LaTeX Info: Font shape OT1/uhv/mc/n has incorrect series value `mc'.
            It should not contain an `m'! Please correct it.
            Found on input line 259.


LaTeX Info: Font shape OT1/uhv/mc/sc has incorrect series value `mc'.
            It should not contain an `m'! Please correct it.
            Found on input line 262.


LaTeX Info: Font shape OT1/uhv/mc/sl has incorrect series value `mc'.
            It should not contain an `m'! Please correct it.
            Found on input line 265.


LaTeX Info: Font shape OT1/uhv/mc/it has incorrect series value `mc'.
            It should not contain an `m'! Please correct it.
            Found on input line 268.


LaTeX Info: Font shape T1/uhv/mc/n has incorrect series value `mc'.
            It should not contain an `m'! Please correct it.
            Found on input line 313.


LaTeX Info: Font shape T1/uhv/mc/sc has incorrect series value `mc'.
            It should not contain an `m'! Please correct it.
            Found on input line 316.


LaTeX Info: Font shape T1/uhv/mc/sl has incorrect series value `mc'.
            It should not contain an `m'! Please correct it.
            Found on input line 319.


LaTeX Info: Font shape T1/uhv/mc/it has incorrect series value `mc'.
            It should not contain an `m'! Please correct it.
            Found on input line 322.

)
(C:\Users\Otto\AppData\Local\Programs\MiKTeX\tex/latex/mathdesign\mdttfont.def
File: mdttfont.def 2013/08/29 v2.31 (Math Design Project)
)
\symmdcal=\mathgroup4
LaTeX Font Info:    Overwriting symbol font `mdcal' in version `bold'
(Font)                  OMS/mdbch/m/n --> OMS/mdbch/b/n on input line 97.
\symmdscr=\mathgroup5
LaTeX Font Info:    Overwriting symbol font `mdscr' in version `bold'
(Font)                  OMS/mdbch/m/n --> OMS/mdbch/b/n on input line 103.
LaTeX Font Info:    Overwriting math alphabet `\mathfrak' in version `bold'
(Font)                  U/xmdeuf/m/n --> U/xmdeuf/b/n on input line 110.
LaTeX Font Info:    Overwriting symbol font `operators' in version `normal'
(Font)                  OT1/cmr/m/n --> OT1/mdbch/m/n on input line 121.
LaTeX Font Info:    Overwriting symbol font `letters' in version `normal'
(Font)                  OML/cmm/m/it --> OML/mdbch/m/it on input line 122.
LaTeX Font Info:    Overwriting symbol font `symbols' in version `normal'
(Font)                  OMS/cmsy/m/n --> OMS/mdbch/m/n on input line 123.
LaTeX Font Info:    Overwriting symbol font `largesymbols' in version `normal'
(Font)                  OMX/cmex/m/n --> OMX/mdbch/m/n on input line 124.
LaTeX Font Info:    Overwriting symbol font `operators' in version `bold'
(Font)                  OT1/cmr/bx/n --> OT1/mdbch/b/n on input line 126.
LaTeX Font Info:    Overwriting symbol font `letters' in version `bold'
(Font)                  OML/cmm/b/it --> OML/mdbch/b/it on input line 127.
LaTeX Font Info:    Overwriting symbol font `symbols' in version `bold'
(Font)                  OMS/cmsy/b/n --> OMS/mdbch/b/n on input line 128.
LaTeX Font Info:    Overwriting symbol font `largesymbols' in version `bold'
(Font)                  OMX/cmex/m/n --> OMX/mdbch/b/n on input line 129.
LaTeX Font Info:    Overwriting math alphabet `\mathrm' in version `normal'
(Font)                  OT1/mdbch/m/n --> T1/mdbch/m/n on input line 131.
LaTeX Font Info:    Overwriting math alphabet `\mathbf' in version `normal'
(Font)                  OT1/cmr/bx/n --> T1/mdbch/b/n on input line 132.
LaTeX Font Info:    Overwriting math alphabet `\mathit' in version `normal'
(Font)                  OT1/cmr/m/it --> T1/mdbch/m/it on input line 133.
LaTeX Font Info:    Overwriting math alphabet `\mathsf' in version `normal'
(Font)                  OT1/cmss/m/n --> T1/cmss/m/n on input line 134.
LaTeX Font Info:    Overwriting math alphabet `\mathtt' in version `normal'
(Font)                  OT1/cmtt/m/n --> T1/cmtt/m/n on input line 135.
LaTeX Font Info:    Overwriting math alphabet `\mathrm' in version `bold'
(Font)                  OT1/mdbch/b/n --> T1/mdbch/b/n on input line 137.
LaTeX Font Info:    Overwriting math alphabet `\mathbf' in version `bold'
(Font)                  OT1/cmr/bx/n --> T1/mdbch/b/n on input line 138.
LaTeX Font Info:    Overwriting math alphabet `\mathit' in version `bold'
(Font)                  OT1/cmr/bx/it --> T1/mdbch/b/it on input line 139.
LaTeX Font Info:    Overwriting math alphabet `\mathsf' in version `bold'
(Font)                  OT1/cmss/bx/n --> T1/cmss/b/n on input line 140.
LaTeX Font Info:    Overwriting math alphabet `\mathtt' in version `bold'
(Font)                  OT1/cmtt/m/n --> T1/cmtt/b/n on input line 141.
\symlettersupright=\mathgroup6
LaTeX Font Info:    Overwriting symbol font `lettersupright' in version `bold'
(Font)                  OML/mdbch/m/n --> OML/mdbch/b/n on input line 144.
LaTeX Font Info:    Redeclaring math alphabet \mathrm on input line 145.
LaTeX Font Info:    Overwriting math alphabet `\mathcal' in version `normal'
(Font)                  OMS/mdbch/m/n --> OMS/mdbch/m/n on input line 167.
(C:\Users\Otto\AppData\Local\Programs\MiKTeX\tex/latex/xkeyval\xkeyval.sty
Package: xkeyval 2022/06/16 v2.9 package option processing (HA)

(C:\Users\Otto\AppData\Local\Programs\MiKTeX\tex/generic/xkeyval\xkeyval.tex
(C:\Users\Otto\AppData\Local\Programs\MiKTeX\tex/generic/xkeyval\xkvutils.tex
\XKV@toks=\toks26
\XKV@tempa@toks=\toks27
)
\XKV@depth=\count310
File: xkeyval.tex 2014/12/03 v2.7a key=value parser (HA)
))
LaTeX Font Info:    Trying to load font information for T1+mdbch on input line 
186.

(C:\Users\Otto\AppData\Local\Programs\MiKTeX\tex/latex/mathdesign/mdbch\t1mdbch
.fd
File: t1mdbch.fd 2013/08/29 Fontinst v1.933 font definitions for T1/mdbch.
)
LaTeX Font Info:    Font shape `T1/mdbch/m/n' will be
(Font)              scaled to size 11.52008pt on input line 186.
LaTeX Font Info:    Redeclaring math accent \widetilde on input line 449.
LaTeX Font Info:    Redeclaring math accent \widehat on input line 450.
Now handling font encoding MDA ...
... no UTF-8 mapping file for font encoding MDA
\symmathdesignA=\mathgroup7
LaTeX Font Info:    Overwriting symbol font `mathdesignA' in version `bold'
(Font)                  MDA/mdbch/m/n --> MDA/mdbch/b/n on input line 491.
Now handling font encoding MDB ...
... no UTF-8 mapping file for font encoding MDB
\symmathdesignB=\mathgroup8
LaTeX Font Info:    Overwriting symbol font `mathdesignB' in version `bold'
(Font)                  MDB/mdbch/m/n --> MDB/mdbch/b/n on input line 498.
\@emptytoks=\toks28
LaTeX Font Info:    Redeclaring math accent \widetilde on input line 532.
LaTeX Font Info:    Redeclaring math accent \widehat on input line 533.
\rulethickness=\skip190
) (C:\Users\Otto\AppData\Local\Programs\MiKTeX\tex/latex/base\fontenc.sty
Package: fontenc 2021/04/29 v2.0v Standard LaTeX package
)) (C:\Users\Otto\AppData\Local\Programs\MiKTeX\tex/latex/base\inputenc.sty
Package: inputenc 2021/02/14 v1.3d Input encoding file
\inpenc@prehook=\toks29
\inpenc@posthook=\toks30
)
(C:\Users\Otto\AppData\Local\Programs\MiKTeX\tex/latex/graphics\graphicx.sty
Package: graphicx 2021/09/16 v1.2d Enhanced LaTeX Graphics (DPC,SPQR)

(C:\Users\Otto\AppData\Local\Programs\MiKTeX\tex/latex/graphics\graphics.sty
Package: graphics 2022/03/10 v1.4e Standard LaTeX Graphics (DPC,SPQR)

(C:\Users\Otto\AppData\Local\Programs\MiKTeX\tex/latex/graphics\trig.sty
Package: trig 2021/08/11 v1.11 sin cos tan (DPC)
)
(C:\Users\Otto\AppData\Local\Programs\MiKTeX\tex/latex/graphics-cfg\graphics.cf
g
File: graphics.cfg 2016/06/04 v1.11 sample graphics configuration
)
Package graphics Info: Driver file: pdftex.def on input line 107.

(C:\Users\Otto\AppData\Local\Programs\MiKTeX\tex/latex/graphics-def\pdftex.def
File: pdftex.def 2022/09/22 v1.2b Graphics/color driver for pdftex
))
\Gin@req@height=\dimen187
\Gin@req@width=\dimen188
) (C:\Users\Otto\AppData\Local\Programs\MiKTeX\tex/latex/multirow\multirow.sty
Package: multirow 2021/03/15 v2.8 Span multiple rows of a table
\multirow@colwidth=\skip191
\multirow@cntb=\count311
\multirow@dima=\skip192
\bigstrutjot=\dimen189
) (C:\Users\Otto\AppData\Local\Programs\MiKTeX\tex/latex/colortbl\colortbl.sty
Package: colortbl 2022/06/20 v1.0f Color table columns (DPC)

(C:\Users\Otto\AppData\Local\Programs\MiKTeX\tex/latex/graphics\color.sty
Package: color 2022/01/06 v1.3d Standard LaTeX Color (DPC)

(C:\Users\Otto\AppData\Local\Programs\MiKTeX\tex/latex/graphics-cfg\color.cfg
File: color.cfg 2016/01/02 v1.6 sample color configuration
)
Package color Info: Driver file: pdftex.def on input line 149.

(C:\Users\Otto\AppData\Local\Programs\MiKTeX\tex/latex/graphics\mathcolor.ltx))
\everycr=\toks31
\minrowclearance=\skip193
\rownum=\count312
) (C:\Users\Otto\AppData\Local\Programs\MiKTeX\tex/latex/xcolor\xcolor.sty
Package: xcolor 2022/06/12 v2.14 LaTeX color extensions (UK)

(C:\Users\Otto\AppData\Local\Programs\MiKTeX\tex/latex/graphics-cfg\color.cfg
File: color.cfg 2016/01/02 v1.6 sample color configuration
)
Package xcolor Info: Driver file: pdftex.def on input line 227.
LaTeX Info: Redefining \color on input line 711.

(C:\Users\Otto\AppData\Local\Programs\MiKTeX\tex/latex/graphics\mathcolor.ltx)
Package xcolor Info: Model `cmy' substituted by `cmy0' on input line 1353.
Package xcolor Info: Model `hsb' substituted by `rgb' on input line 1357.
Package xcolor Info: Model `RGB' extended on input line 1369.
Package xcolor Info: Model `HTML' substituted by `rgb' on input line 1371.
Package xcolor Info: Model `Hsb' substituted by `hsb' on input line 1372.
Package xcolor Info: Model `tHsb' substituted by `hsb' on input line 1373.
Package xcolor Info: Model `HSB' substituted by `hsb' on input line 1374.
Package xcolor Info: Model `Gray' substituted by `gray' on input line 1375.
Package xcolor Info: Model `wave' substituted by `hsb' on input line 1376.
) (C:\Users\Otto\AppData\Local\Programs\MiKTeX\tex/latex/arydshln\arydshln.sty
Package: arydshln 2019/02/21 v1.76 
\dashlinedash=\dimen190
\dashlinegap=\dimen191
\adl@box=\box56
\adl@height=\dimen192
\adl@heightsave=\dimen193
\adl@depth=\dimen194
\adl@depthsave=\dimen195
\adl@finaldepth=\dimen196
\adl@columns=\count313
\adl@ncol=\count314
\adl@currentcolumn=\count315
\adl@currentcolumnsave=\count316
\adl@totalheight=\count317
\adl@totalheightsave=\count318
\adl@dash=\count319
\adl@gap=\count320
\adl@cla=\count321
\adl@clb=\count322
\adl@everyvbox=\toks32
\adl@LTpagetotal=\dimen197
)
(C:\Users\Otto\AppData\Local\Programs\MiKTeX\tex/latex/float\float.sty
Package: float 2001/11/08 v1.3d Float enhancements (AL)
\c@float@type=\count323
\float@exts=\toks33
\float@box=\box57
\@float@everytoks=\toks34
\@floatcapt=\box58
)
(C:\Users\Otto\AppData\Local\Programs\MiKTeX\tex/latex/hyperref\hyperref.sty
Package: hyperref 2023-07-08 v7.01b Hypertext links for LaTeX

(C:\Users\Otto\AppData\Local\Programs\MiKTeX\tex/generic/ltxcmds\ltxcmds.sty
Package: ltxcmds 2020-05-10 v1.25 LaTeX kernel commands for general use (HO)
)
(C:\Users\Otto\AppData\Local\Programs\MiKTeX\tex/generic/pdftexcmds\pdftexcmds.
sty
Package: pdftexcmds 2020-06-27 v0.33 Utility functions of pdfTeX for LuaTeX (HO
)

(C:\Users\Otto\AppData\Local\Programs\MiKTeX\tex/generic/infwarerr\infwarerr.st
y
Package: infwarerr 2019/12/03 v1.5 Providing info/warning/error messages (HO)
)
Package pdftexcmds Info: \pdf@primitive is available.
Package pdftexcmds Info: \pdf@ifprimitive is available.
Package pdftexcmds Info: \pdfdraftmode found.
)
(C:\Users\Otto\AppData\Local\Programs\MiKTeX\tex/latex/kvsetkeys\kvsetkeys.sty
Package: kvsetkeys 2022-10-05 v1.19 Key value parser (HO)
)
(C:\Users\Otto\AppData\Local\Programs\MiKTeX\tex/generic/kvdefinekeys\kvdefinek
eys.sty
Package: kvdefinekeys 2019-12-19 v1.6 Define keys (HO)
)
(C:\Users\Otto\AppData\Local\Programs\MiKTeX\tex/generic/pdfescape\pdfescape.st
y
Package: pdfescape 2019/12/09 v1.15 Implements pdfTeX's escape features (HO)
) (C:\Users\Otto\AppData\Local\Programs\MiKTeX\tex/latex/hycolor\hycolor.sty
Package: hycolor 2020-01-27 v1.10 Color options for hyperref/bookmark (HO)
)
(C:\Users\Otto\AppData\Local\Programs\MiKTeX\tex/latex/letltxmacro\letltxmacro.
sty
Package: letltxmacro 2019/12/03 v1.6 Let assignment for LaTeX macros (HO)
) (C:\Users\Otto\AppData\Local\Programs\MiKTeX\tex/latex/auxhook\auxhook.sty
Package: auxhook 2019-12-17 v1.6 Hooks for auxiliary files (HO)
) (C:\Users\Otto\AppData\Local\Programs\MiKTeX\tex/latex/hyperref\nameref.sty
Package: nameref 2023-08-07 v2.53 Cross-referencing by name of section

(C:\Users\Otto\AppData\Local\Programs\MiKTeX\tex/latex/refcount\refcount.sty
Package: refcount 2019/12/15 v3.6 Data extraction from label references (HO)
)
(C:\Users\Otto\AppData\Local\Programs\MiKTeX\tex/generic/gettitlestring\gettitl
estring.sty
Package: gettitlestring 2019/12/15 v1.6 Cleanup title references (HO)

(C:\Users\Otto\AppData\Local\Programs\MiKTeX\tex/latex/kvoptions\kvoptions.sty
Package: kvoptions 2022-06-15 v3.15 Key value format for package options (HO)
))

Package nameref Warning: The definition of \label has changed! 
(nameref)                Check your packages! 
(nameref)                Replacing it with the kernel definition on input line 
145.

\c@section@level=\count324
)
\@linkdim=\dimen198
\Hy@linkcounter=\count325
\Hy@pagecounter=\count326
 (C:\Users\Otto\AppData\Local\Programs\MiKTeX\tex/latex/hyperref\pd1enc.def
File: pd1enc.def 2023-07-08 v7.01b Hyperref: PDFDocEncoding definition (HO)
Now handling font encoding PD1 ...
... no UTF-8 mapping file for font encoding PD1
)
(C:\Users\Otto\AppData\Local\Programs\MiKTeX\tex/generic/intcalc\intcalc.sty
Package: intcalc 2019/12/15 v1.3 Expandable calculations with integers (HO)
)
\Hy@SavedSpaceFactor=\count327

(C:\Users\Otto\AppData\Local\Programs\MiKTeX\tex/latex/hyperref\puenc.def
File: puenc.def 2023-07-08 v7.01b Hyperref: PDF Unicode definition (HO)
Now handling font encoding PU ...
... no UTF-8 mapping file for font encoding PU
)
Package hyperref Info: Option `final' set `true' on input line 4050.
Package hyperref Info: Option `colorlinks' set `true' on input line 4050.
Package hyperref Info: Hyper figures OFF on input line 4167.
Package hyperref Info: Link nesting OFF on input line 4172.
Package hyperref Info: Hyper index ON on input line 4175.
Package hyperref Info: Plain pages OFF on input line 4182.
Package hyperref Info: Backreferencing OFF on input line 4187.
Package hyperref Info: Implicit mode ON; LaTeX internals redefined.
Package hyperref Info: Bookmarks ON on input line 4434.
\c@Hy@tempcnt=\count328

(C:\Users\Otto\AppData\Local\Programs\MiKTeX\tex/latex/url\url.sty
\Urlmuskip=\muskip16
Package: url 2013/09/16  ver 3.4  Verb mode for urls, etc.
)
LaTeX Info: Redefining \url on input line 4772.
\XeTeXLinkMargin=\dimen199

(C:\Users\Otto\AppData\Local\Programs\MiKTeX\tex/generic/bitset\bitset.sty
Package: bitset 2019/12/09 v1.3 Handle bit-vector datatype (HO)

(C:\Users\Otto\AppData\Local\Programs\MiKTeX\tex/generic/bigintcalc\bigintcalc.
sty
Package: bigintcalc 2019/12/15 v1.5 Expandable calculations on big integers (HO
)
))
\Fld@menulength=\count329
\Field@Width=\dimen256
\Fld@charsize=\dimen257
Package hyperref Info: Hyper figures OFF on input line 6051.
Package hyperref Info: Link nesting OFF on input line 6056.
Package hyperref Info: Hyper index ON on input line 6059.
Package hyperref Info: backreferencing OFF on input line 6066.
Package hyperref Info: Link coloring ON on input line 6069.
Package hyperref Info: Link coloring with OCG OFF on input line 6076.
Package hyperref Info: PDF/A mode OFF on input line 6081.

(C:\Users\Otto\AppData\Local\Programs\MiKTeX\tex/latex/base\atbegshi-ltx.sty
Package: atbegshi-ltx 2021/01/10 v1.0c Emulation of the original atbegshi
package with kernel methods
)
\Hy@abspage=\count330
\c@Item=\count331
\c@Hfootnote=\count332
)
Package hyperref Info: Driver (autodetected): hpdftex.

(C:\Users\Otto\AppData\Local\Programs\MiKTeX\tex/latex/hyperref\hpdftex.def
File: hpdftex.def 2023-07-08 v7.01b Hyperref driver for pdfTeX

(C:\Users\Otto\AppData\Local\Programs\MiKTeX\tex/latex/base\atveryend-ltx.sty
Package: atveryend-ltx 2020/08/19 v1.0a Emulation of the original atveryend pac
kage
with kernel methods
)
\Fld@listcount=\count333
\c@bookmark@seq@number=\count334

(C:\Users\Otto\AppData\Local\Programs\MiKTeX\tex/latex/rerunfilecheck\rerunfile
check.sty
Package: rerunfilecheck 2022-07-10 v1.10 Rerun checks for auxiliary files (HO)

(C:\Users\Otto\AppData\Local\Programs\MiKTeX\tex/generic/uniquecounter\uniqueco
unter.sty
Package: uniquecounter 2019/12/15 v1.4 Provide unlimited unique counter (HO)
)
Package uniquecounter Info: New unique counter `rerunfilecheck' on input line 2
85.
)
\Hy@SectionHShift=\skip194
)
(C:\Users\Otto\AppData\Local\Programs\MiKTeX\tex/latex/memoir\memhfixc.sty
Package: memhfixc 2022/11/17 v1.20 nameref/hyperref package fixes for memoir cl
ass

Redoing nameref's sectioning
Redoing nameref's label
LaTeX Info: Redefining \nameref on input line 106.
\c@memhycontfloat=\count335
\c@Hpagenote=\count336
) (D:/RPG/Stargate SG-1/Stargate-Hexenstag\commands.tex

! LaTeX cmd Error: Invalid argument type 'g' in command '\linksubspecialty'
(cmd)              (requires xparse).

For immediate help type H <return>.
 ...                                              
                                                  
l.71 }
      
? 

! LaTeX cmd Error: Invalid argument type 'g' in command '\linkspecialty'
(cmd)              (requires xparse).

For immediate help type H <return>.
 ...                                              
                                                  
l.77 }
      
? 

! LaTeX cmd Error: Invalid argument type 'g' in command '\linkweapon'
(cmd)              (requires xparse).

For immediate help type H <return>.
 ...                                              
                                                  
l.83 }
      
? 

! LaTeX cmd Error: Invalid argument type 'g' in command '\featentry' (requires
(cmd)              xparse).

For immediate help type H <return>.
 ...                                              
                                                  
l.99 }
      
? 

! LaTeX cmd Error: Invalid argument type 'g' in command '\linkrace' (requires
(cmd)              xparse).

For immediate help type H <return>.
 ...                                              
                                                  
l.111 }
       
? 

! LaTeX cmd Error: Invalid argument type 'g' in command '\linkclass' (requires
(cmd)              xparse).

For immediate help type H <return>.
 ...                                              
                                                  
l.116 }
       
? 

! LaTeX cmd Error: Invalid argument type 'g' in command '\linkskill' (requires
(cmd)              xparse).

For immediate help type H <return>.
 ...                                              
                                                  
l.121 }
       
? 

! LaTeX cmd Error: Invalid argument type 'g' in command '\linkfeat' (requires
(cmd)              xparse).

For immediate help type H <return>.
 ...                                              
                                                  
l.126 }
       
? 

! LaTeX cmd Error: Invalid argument type 'g' in command '\linkspell' (requires
(cmd)              xparse).

For immediate help type H <return>.
 ...                                              
                                                  
l.131 }
       
? 

! LaTeX cmd Error: Invalid argument type 'g' in command '\linkcondition'
(cmd)              (requires xparse).

For immediate help type H <return>.
 ...                                              
                                                  
l.136 }
       
? 

! LaTeX cmd Error: Invalid argument type 'g' in command '\linkability'
(cmd)              (requires xparse).

For immediate help type H <return>.
 ...                                              
                                                  
l.141 }
       
? 

! LaTeX cmd Error: Invalid argument type 'g' in command '\linksec' (requires
(cmd)              xparse).

For immediate help type H <return>.
 ...                                              
                                                  
l.146 }
       
? 

! LaTeX cmd Error: Invalid argument type 'g' in command '\linkdomain'
(cmd)              (requires xparse).

For immediate help type H <return>.
 ...                                              
                                                  
l.151 }
       
? 

! LaTeX cmd Error: Invalid argument type 'g' in command '\linksphere'
(cmd)              (requires xparse).

For immediate help type H <return>.
 ...                                              
                                                  
l.156 }
       
? 
)
(C:\Users\Otto\AppData\Local\Programs\MiKTeX\tex/latex/l3backend\l3backend-pdft
ex.def
File: l3backend-pdftex.def 2023-04-19 L3 backend support: PDF output (pdfTeX)
\l__color_backend_stack_int=\count337
\l__pdf_internal_box=\box59
)
No file mission-forms.aux.
\openout1 = `mission-forms.aux'.

LaTeX Font Info:    Checking defaults for OML/cmm/m/it on input line 30.
LaTeX Font Info:    ... okay on input line 30.
LaTeX Font Info:    Checking defaults for OMS/cmsy/m/n on input line 30.
LaTeX Font Info:    ... okay on input line 30.
LaTeX Font Info:    Checking defaults for OT1/cmr/m/n on input line 30.
LaTeX Font Info:    ... okay on input line 30.
LaTeX Font Info:    Checking defaults for T1/cmr/m/n on input line 30.
LaTeX Font Info:    ... okay on input line 30.
LaTeX Font Info:    Checking defaults for TS1/cmr/m/n on input line 30.
LaTeX Font Info:    ... okay on input line 30.
LaTeX Font Info:    Checking defaults for OMX/cmex/m/n on input line 30.
LaTeX Font Info:    ... okay on input line 30.
LaTeX Font Info:    Checking defaults for U/cmr/m/n on input line 30.
LaTeX Font Info:    ... okay on input line 30.
LaTeX Font Info:    Checking defaults for MDA/cmr/m/n on input line 30.
LaTeX Font Info:    Trying to load font information for MDA+cmr on input line 3
0.
(C:\Users\Otto\AppData\Local\Programs\MiKTeX\tex/latex/mathdesign\mdacmr.fd
File: mdacmr.fd 
)
LaTeX Font Info:    ... okay on input line 30.
LaTeX Font Info:    Checking defaults for MDB/cmr/m/n on input line 30.
LaTeX Font Info:    Trying to load font information for MDB+cmr on input line 3
0.

(C:\Users\Otto\AppData\Local\Programs\MiKTeX\tex/latex/mathdesign\mdbcmr.fd
File: mdbcmr.fd 
)
LaTeX Font Info:    ... okay on input line 30.
LaTeX Font Info:    Checking defaults for PD1/pdf/m/n on input line 30.
LaTeX Font Info:    ... okay on input line 30.
LaTeX Font Info:    Checking defaults for PU/pdf/m/n on input line 30.
LaTeX Font Info:    ... okay on input line 30.

(C:\Users\Otto\AppData\Local\Programs\MiKTeX\tex/context/base/mkii\supp-pdf.mki
i
[Loading MPS to PDF converter (version 2006.09.02).]
\scratchcounter=\count338
\scratchdimen=\dimen258
\scratchbox=\box60
\nofMPsegments=\count339
\nofMParguments=\count340
\everyMPshowfont=\toks35
\MPscratchCnt=\count341
\MPscratchDim=\dimen259
\MPnumerator=\count342
\makeMPintoPDFobject=\count343
\everyMPtoPDFconversion=\toks36
)
(C:\Users\Otto\AppData\Local\Programs\MiKTeX\tex/latex/epstopdf-pkg\epstopdf-ba
se.sty
Package: epstopdf-base 2020-01-24 v2.11 Base part for package epstopdf
Package epstopdf-base Info: Redefining graphics rule for `.eps' on input line 4
85.

(C:\Users\Otto\AppData\Local\Programs\MiKTeX\tex/latex/00miktex\epstopdf-sys.cf
g
File: epstopdf-sys.cfg 2021/03/18 v2.0 Configuration of epstopdf for MiKTeX
))
Package hyperref Info: Link coloring ON on input line 30.
\@outlinefile=\write4
\openout4 = `mission-forms.out'.

LaTeX Font Info:    Font shape `T1/cmss/m/n' will be
(Font)              scaled to size 12.46802pt on input line 32.


! LaTeX Error: Environment adjustbox undefined.

See the LaTeX manual or LaTeX Companion for explanation.
Type  H <return>  for immediate help.
 ...                                              
                                                  
l.41 \begin{adjustbox}
                      {width=\columnwidth,center}
? 
! Illegal unit of measure (pt inserted).
<to be read again> 
                   c
l.41 \begin{adjustbox}{width=\columnwidth,ce
                                            nter}
? 

(C:\Users\Otto\AppData\Local\Programs\MiKTeX\tex/latex/mathdesign/mdbch\ot1mdbc
h.fd)
(C:\Users\Otto\AppData\Local\Programs\MiKTeX\tex/latex/mathdesign/mdbch\omlmdbc
h.fd)
(C:\Users\Otto\AppData\Local\Programs\MiKTeX\tex/latex/mathdesign/mdbch\omsmdbc
h.fd)
(C:\Users\Otto\AppData\Local\Programs\MiKTeX\tex/latex/mathdesign/mdbch\omxmdbc
h.fd)
(C:\Users\Otto\AppData\Local\Programs\MiKTeX\tex/latex/mathdesign/mdbch\mdamdbc
h.fd)
(C:\Users\Otto\AppData\Local\Programs\MiKTeX\tex/latex/mathdesign/mdbch\mdbmdbc
h.fd)
Overfull \vbox (11.83504pt too high) detected at line 75
 []


Overfull \vbox (11.83504pt too high) detected at line 75
 []


Overfull \vbox (11.83504pt too high) detected at line 75
 []


Overfull \vbox (11.83504pt too high) detected at line 75
 []


Overfull \vbox (11.83504pt too high) detected at line 75
 []

File: cover-images/Seal-USAF.png Graphic file (type png)
<use cover-images/Seal-USAF.png>
Package pdftex.def Info: cover-images/Seal-USAF.png  used on input line 75.
(pdftex.def)             Requested size: 77.08467pt x 77.08467pt.

Overfull \vbox (11.83504pt too high) detected at line 75
 []


Underfull \hbox (badness 2042) in paragraph at lines 75--75
\T1/mdbch/m/n/12 man), Find any Re-
 []


Underfull \hbox (badness 4927) in paragraph at lines 75--75
\T1/mdbch/m/n/12 sources or Weapons
 []


Underfull \hbox (badness 10000) in paragraph at lines 75--75
[]|\T1/mdbch/m/n/12 SG Team Bun-dle,
 []


! LaTeX Error: \begin{table} on input line 40 ended by \end{adjustbox}.

See the LaTeX manual or LaTeX Companion for explanation.
Type  H <return>  for immediate help.
 ...                                              
                                                  
l.76 \end{adjustbox}
                    
? 

Overfull \hbox (71.42442pt too wide) in paragraph at lines 41--77
[]\T1/mdbch/m/n/12 width=center []
 []


Underfull \hbox (badness 10000) in paragraph at lines 41--77

 []


! LaTeX Error: Environment adjustbox undefined.

See the LaTeX manual or LaTeX Companion for explanation.
Type  H <return>  for immediate help.
 ...                                              
                                                  
l.81 \begin{adjustbox}
                      {width=\columnwidth,center}
? 
! Illegal unit of measure (pt inserted).
<to be read again> 
                   c
l.81 \begin{adjustbox}{width=\columnwidth,ce
                                            nter}
? 

Overfull \vbox (11.83504pt too high) detected at line 115
 []

! Package kvsetkeys Error: Undefined key `bgcolor'.

See the kvsetkeys package documentation for explanation.
Type  H <return>  for immediate help.
 ...                                              
                                                  
l.115 \end{tabularx}
                    
? 
! Package kvsetkeys Error: Undefined key `bgcolor'.

See the kvsetkeys package documentation for explanation.
Type  H <return>  for immediate help.
 ...                                              
                                                  
l.115 \end{tabularx}
                    
? 
! Package kvsetkeys Error: Undefined key `bgcolor'.

See the kvsetkeys package documentation for explanation.
Type  H <return>  for immediate help.
 ...                                              
                                                  
l.115 \end{tabularx}
                    
? 
! Package kvsetkeys Error: Undefined key `bgcolor'.

See the kvsetkeys package documentation for explanation.
Type  H <return>  for immediate help.
 ...                                              
                                                  
l.115 \end{tabularx}
                    
? 
! Package kvsetkeys Error: Undefined key `bgcolor'.

See the kvsetkeys package documentation for explanation.
Type  H <return>  for immediate help.
 ...                                              
                                                  
l.115 \end{tabularx}
                    
? 
! Package kvsetkeys Error: Undefined key `bgcolor'.

See the kvsetkeys package documentation for explanation.
Type  H <return>  for immediate help.
 ...                                              
                                                  
l.115 \end{tabularx}
                    
? 
! Package kvsetkeys Error: Undefined key `bgcolor'.

See the kvsetkeys package documentation for explanation.
Type  H <return>  for immediate help.
 ...                                              
                                                  
l.115 \end{tabularx}
                    
? 
! Package kvsetkeys Error: Undefined key `bgcolor'.

See the kvsetkeys package documentation for explanation.
Type  H <return>  for immediate help.
 ...                                              
                                                  
l.115 \end{tabularx}
                    
? 
! Package kvsetkeys Error: Undefined key `bgcolor'.

See the kvsetkeys package documentation for explanation.
Type  H <return>  for immediate help.
 ...                                              
                                                  
l.115 \end{tabularx}
                    
? 
! Package kvsetkeys Error: Undefined key `bgcolor'.

See the kvsetkeys package documentation for explanation.
Type  H <return>  for immediate help.
 ...                                              
                                                  
l.115 \end{tabularx}
                    
? 

Overfull \vbox (11.83504pt too high) detected at line 115
 []

! Package kvsetkeys Error: Undefined key `bgcolor'.

See the kvsetkeys package documentation for explanation.
Type  H <return>  for immediate help.
 ...                                              
                                                  
l.115 \end{tabularx}
                    
? 
! Package kvsetkeys Error: Undefined key `bgcolor'.

See the kvsetkeys package documentation for explanation.
Type  H <return>  for immediate help.
 ...                                              
                                                  
l.115 \end{tabularx}
                    
? 
! Package kvsetkeys Error: Undefined key `bgcolor'.

See the kvsetkeys package documentation for explanation.
Type  H <return>  for immediate help.
 ...                                              
                                                  
l.115 \end{tabularx}
                    
? 
! Package kvsetkeys Error: Undefined key `bgcolor'.

See the kvsetkeys package documentation for explanation.
Type  H <return>  for immediate help.
 ...                                              
                                                  
l.115 \end{tabularx}
                    
? 
! Package kvsetkeys Error: Undefined key `bgcolor'.

See the kvsetkeys package documentation for explanation.
Type  H <return>  for immediate help.
 ...                                              
                                                  
l.115 \end{tabularx}
                    
? 
! Package kvsetkeys Error: Undefined key `bgcolor'.

See the kvsetkeys package documentation for explanation.
Type  H <return>  for immediate help.
 ...                                              
                                                  
l.115 \end{tabularx}
                    
? 
! Package kvsetkeys Error: Undefined key `bgcolor'.

See the kvsetkeys package documentation for explanation.
Type  H <return>  for immediate help.
 ...                                              
                                                  
l.115 \end{tabularx}
                    
? 
! Package kvsetkeys Error: Undefined key `bgcolor'.

See the kvsetkeys package documentation for explanation.
Type  H <return>  for immediate help.
 ...                                              
                                                  
l.115 \end{tabularx}
                    
? 
! Package kvsetkeys Error: Undefined key `bgcolor'.

See the kvsetkeys package documentation for explanation.
Type  H <return>  for immediate help.
 ...                                              
                                                  
l.115 \end{tabularx}
                    
? 
! Package kvsetkeys Error: Undefined key `bgcolor'.

See the kvsetkeys package documentation for explanation.
Type  H <return>  for immediate help.
 ...                                              
                                                  
l.115 \end{tabularx}
                    
? 

Overfull \vbox (11.83504pt too high) detected at line 115
 []

! Package kvsetkeys Error: Undefined key `bgcolor'.

See the kvsetkeys package documentation for explanation.
Type  H <return>  for immediate help.
 ...                                              
                                                  
l.115 \end{tabularx}
                    
? 
! Package kvsetkeys Error: Undefined key `bgcolor'.

See the kvsetkeys package documentation for explanation.
Type  H <return>  for immediate help.
 ...                                              
                                                  
l.115 \end{tabularx}
                    
? 
! Package kvsetkeys Error: Undefined key `bgcolor'.

See the kvsetkeys package documentation for explanation.
Type  H <return>  for immediate help.
 ...                                              
                                                  
l.115 \end{tabularx}
                    
? 
! Package kvsetkeys Error: Undefined key `bgcolor'.

See the kvsetkeys package documentation for explanation.
Type  H <return>  for immediate help.
 ...                                              
                                                  
l.115 \end{tabularx}
                    
? 
! Package kvsetkeys Error: Undefined key `bgcolor'.

See the kvsetkeys package documentation for explanation.
Type  H <return>  for immediate help.
 ...                                              
                                                  
l.115 \end{tabularx}
                    
? 
! Package kvsetkeys Error: Undefined key `bgcolor'.

See the kvsetkeys package documentation for explanation.
Type  H <return>  for immediate help.
 ...                                              
                                                  
l.115 \end{tabularx}
                    
? 
! Package kvsetkeys Error: Undefined key `bgcolor'.

See the kvsetkeys package documentation for explanation.
Type  H <return>  for immediate help.
 ...                                              
                                                  
l.115 \end{tabularx}
                    
? 
! Package kvsetkeys Error: Undefined key `bgcolor'.

See the kvsetkeys package documentation for explanation.
Type  H <return>  for immediate help.
 ...                                              
                                                  
l.115 \end{tabularx}
                    
? 
! Package kvsetkeys Error: Undefined key `bgcolor'.

See the kvsetkeys package documentation for explanation.
Type  H <return>  for immediate help.
 ...                                              
                                                  
l.115 \end{tabularx}
                    
? 
! Package kvsetkeys Error: Undefined key `bgcolor'.

See the kvsetkeys package documentation for explanation.
Type  H <return>  for immediate help.
 ...                                              
                                                  
l.115 \end{tabularx}
                    
? 

Overfull \vbox (11.83504pt too high) detected at line 115
 []

! Package kvsetkeys Error: Undefined key `bgcolor'.

See the kvsetkeys package documentation for explanation.
Type  H <return>  for immediate help.
 ...                                              
                                                  
l.115 \end{tabularx}
                    
? 
! Package kvsetkeys Error: Undefined key `bgcolor'.

See the kvsetkeys package documentation for explanation.
Type  H <return>  for immediate help.
 ...                                              
                                                  
l.115 \end{tabularx}
                    
? 
! Package kvsetkeys Error: Undefined key `bgcolor'.

See the kvsetkeys package documentation for explanation.
Type  H <return>  for immediate help.
 ...                                              
                                                  
l.115 \end{tabularx}
                    
? 
! Package kvsetkeys Error: Undefined key `bgcolor'.

See the kvsetkeys package documentation for explanation.
Type  H <return>  for immediate help.
 ...                                              
                                                  
l.115 \end{tabularx}
                    
? 
! Package kvsetkeys Error: Undefined key `bgcolor'.

See the kvsetkeys package documentation for explanation.
Type  H <return>  for immediate help.
 ...                                              
                                                  
l.115 \end{tabularx}
                    
? 
! Package kvsetkeys Error: Undefined key `bgcolor'.

See the kvsetkeys package documentation for explanation.
Type  H <return>  for immediate help.
 ...                                              
                                                  
l.115 \end{tabularx}
                    
? 
! Package kvsetkeys Error: Undefined key `bgcolor'.

See the kvsetkeys package documentation for explanation.
Type  H <return>  for immediate help.
 ...                                              
                                                  
l.115 \end{tabularx}
                    
? 
! Package kvsetkeys Error: Undefined key `bgcolor'.

See the kvsetkeys package documentation for explanation.
Type  H <return>  for immediate help.
 ...                                              
                                                  
l.115 \end{tabularx}
                    
? 
! Package kvsetkeys Error: Undefined key `bgcolor'.

See the kvsetkeys package documentation for explanation.
Type  H <return>  for immediate help.
 ...                                              
                                                  
l.115 \end{tabularx}
                    
? 
! Package kvsetkeys Error: Undefined key `bgcolor'.

See the kvsetkeys package documentation for explanation.
Type  H <return>  for immediate help.
 ...                                              
                                                  
l.115 \end{tabularx}
                    
? 
File: cover-images/Seal-USAF.png Graphic file (type png)
<use cover-images/Seal-USAF.png>
Package pdftex.def Info: cover-images/Seal-USAF.png  used on input line 115.
(pdftex.def)             Requested size: 77.08467pt x 77.08467pt.

Overfull \vbox (11.83504pt too high) detected at line 115
 []


! Package kvsetkeys Error: Undefined key `bgcolor'.

See the kvsetkeys package documentation for explanation.
Type  H <return>  for immediate help.
 ...                                              
                                                  
l.115 \end{tabularx}
                    
? 

! Package kvsetkeys Error: Undefined key `bgcolor'.

See the kvsetkeys package documentation for explanation.
Type  H <return>  for immediate help.
 ...                                              
                                                  
l.115 \end{tabularx}
                    
? 

! Package kvsetkeys Error: Undefined key `bgcolor'.

See the kvsetkeys package documentation for explanation.
Type  H <return>  for immediate help.
 ...                                              
                                                  
l.115 \end{tabularx}
                    
? 

! Package kvsetkeys Error: Undefined key `bgcolor'.

See the kvsetkeys package documentation for explanation.
Type  H <return>  for immediate help.
 ...                                              
                                                  
l.115 \end{tabularx}
                    
? 

! Package kvsetkeys Error: Undefined key `bgcolor'.

See the kvsetkeys package documentation for explanation.
Type  H <return>  for immediate help.
 ...                                              
                                                  
l.115 \end{tabularx}
                    
? 

! Package kvsetkeys Error: Undefined key `bgcolor'.

See the kvsetkeys package documentation for explanation.
Type  H <return>  for immediate help.
 ...                                              
                                                  
l.115 \end{tabularx}
                    
? 

! Package kvsetkeys Error: Undefined key `bgcolor'.

See the kvsetkeys package documentation for explanation.
Type  H <return>  for immediate help.
 ...                                              
                                                  
l.115 \end{tabularx}
                    
? 

Overfull \hbox (31.27911pt too wide) in paragraph at lines 115--115
 []|[][][][]| 
 []


! Package kvsetkeys Error: Undefined key `bgcolor'.

See the kvsetkeys package documentation for explanation.
Type  H <return>  for immediate help.
 ...                                              
                                                  
l.115 \end{tabularx}
                    
? 

Overfull \hbox (31.27911pt too wide) in paragraph at lines 115--115
[]|[][][][]|  
 []


! Package kvsetkeys Error: Undefined key `bgcolor'.

See the kvsetkeys package documentation for explanation.
Type  H <return>  for immediate help.
 ...                                              
                                                  
l.115 \end{tabularx}
                    
? 

! Package kvsetkeys Error: Undefined key `bgcolor'.

See the kvsetkeys package documentation for explanation.
Type  H <return>  for immediate help.
 ...                                              
                                                  
l.115 \end{tabularx}
                    
? 

Overfull \hbox (168.1006pt too wide) in alignment at lines 115--115
[][][][] 
 []


! LaTeX Error: \begin{table} on input line 80 ended by \end{adjustbox}.

See the LaTeX manual or LaTeX Companion for explanation.
Type  H <return>  for immediate help.
 ...                                              
                                                  
l.116 \end{adjustbox}
                     
? 

Overfull \hbox (71.42442pt too wide) in paragraph at lines 81--117
[]\T1/mdbch/m/n/12 width=center []
 []


Underfull \hbox (badness 10000) in paragraph at lines 81--117

 []

[1

{C:/Users/Otto/AppData/Local/MiKTeX/fonts/map/pdftex/pdftex.map}{C:/Users/Otto/
AppData/Local/Programs/MiKTeX/fonts/enc/dvips/ly1/texnansi.enc} <D:/RPG/Stargat
e SG-1/Stargate-Hexenstag/cover-images/Seal-USAF.png>] [2] (mission-forms.aux)
 ***********
LaTeX2e <2023-06-01> patch level 1
L3 programming layer <2023-06-30>
 ***********


Package rerunfilecheck Warning: File `mission-forms.out' has changed.
(rerunfilecheck)                Rerun to get outlines right
(rerunfilecheck)                or use package `bookmark'.

Package rerunfilecheck Info: Checksums for `mission-forms.out':
(rerunfilecheck)             Before: <no file>
(rerunfilecheck)             After:  D41D8CD98F00B204E9800998ECF8427E;0.
 ) 
Here is how much of TeX's memory you used:
 14872 strings out of 477417
 224138 string characters out of 5811803
 1948238 words of memory out of 5000000
 35664 multiletter control sequences out of 15000+600000
 589673 words of font info for 79 fonts, out of 8000000 for 9000
 36 hyphenation exceptions out of 8191
 75i,17n,79p,362b,745s stack positions out of 10000i,1000n,20000p,200000b,200000s
<C:/Users/Otto/AppData/Local/Programs/MiKTeX/fonts/type1/bitstrea/charter/bch
b8a.pfb><C:/Users/Otto/AppData/Local/Programs/MiKTeX/fonts/type1/bitstrea/chart
er/bchr8a.pfb><C:/Users/Otto/AppData/Local/Programs/MiKTeX/fonts/type1/mathdesi
gn/mdbch/md-chb8t.pfb><C:/Users/Otto/AppData/Local/Programs/MiKTeX/fonts/type1/
mathdesign/mdbch/md-chr8t.pfb>
Output written on mission-forms.pdf (2 pages, 199441 bytes).
PDF statistics:
 89 PDF objects out of 1000 (max. 8388607)
 3 named destinations out of 1000 (max. 500000)
 6 words of extra memory for PDF output out of 10000 (max. 10000000)

